Unexpected end of /proc/mounts line `overlay / overlay rw,relatime,lowerdir=/var/lib/docker/overlay2/l/2M5YA3B74UXGMGCZ2MWR4ILHCO:/var/lib/docker/overlay2/l/OYZB2ZG4CN3ZXOFO537STSJV36:/var/lib/docker/overlay2/l/XNG2QLAA35MLTGZXCZKN2NSQOM:/var/lib/docker/overlay2/l/ZCADOUHF2XVXKLKE6WANW4Y2VE:/var/lib/docker/overlay2/l/5OFYMVUIZFU76VMKTBSDG7QARB:/var/lib/docker/overlay2/l/5GTQ4CSM5FMDBSM7RBFCY6FSAN:/var/lib/docker/overlay2/l/5NSPW6FNHTCJM7M2MCAEDZBFXQ:/var/lib/docker/overlay2/l/KCGRWEUQH4KS6T6WE6KVAVLOOY:/var/lib/docker/overlay2/l/PC7OPR7RNL2RG'
[0]: Hello!
[0]: Preparing...
[0]: Generate matrix
[0]: Generated, matrix:
[ [0, -1, 63, 91, -1, -1, 41, 73, 12, -1, -1, 83, 63, 68, 30, 23, -1, -1, -1, -1, ]
 [-1, 0, 43, 74, 20, -1, 99, 16, -1, 27, -1, -1, -1, -1, -1, -1, -1, -1, 26, -1, ]
 [37, 47, 0, 14, -1, 96, -1, -1, 68, 65, -1, -1, -1, 77, -1, -1, -1, 52, -1, -1, ]
 [61, -1, -1, 0, 13, 87, -1, 96, -1, 79, -1, 98, 18, -1, -1, -1, 81, -1, -1, -1, ]
 [-1, -1, 41, 32, 0, 98, -1, -1, -1, 28, -1, -1, -1, -1, -1, -1, 84, 25, 72, 30, ]
 [20, -1, -1, 16, -1, 0, -1, -1, 19, -1, -1, -1, 56, -1, -1, -1, 42, -1, -1, 35, ]
 [-1, 15, -1, -1, -1, -1, 0, 66, -1, 33, -1, 29, -1, 75, 59, -1, 38, 94, 29, -1, ]
 [29, 77, 44, -1, 39, 41, 19, 0, 89, -1, 18, -1, 44, -1, -1, -1, -1, -1, 45, -1, ]
 [40, -1, -1, -1, -1, -1, -1, -1, 0, 56, 49, 23, 100, -1, -1, -1, -1, 12, 6, 62, ]
 [79, 21, 45, 23, -1, 17, -1, -1, 38, 0, -1, 1, 53, -1, -1, -1, -1, -1, -1, 82, ]
 [34, -1, -1, -1, -1, -1, -1, -1, -1, -1, 0, 69, -1, -1, 67, -1, -1, -1, -1, -1, ]
 [-1, 8, -1, -1, -1, 88, 49, -1, -1, 37, 43, 0, -1, 2, 73, 56, 100, 5, 12, -1, ]
 [-1, 29, 51, -1, -1, 25, 70, -1, -1, 85, -1, -1, 0, -1, -1, 86, 100, -1, -1, -1, ]
 [99, -1, 91, 82, 37, 56, -1, 80, -1, -1, -1, -1, -1, 0, -1, -1, -1, -1, -1, 22, ]
 [-1, 14, -1, -1, 60, -1, 3, 85, 43, -1, 90, -1, 59, -1, 0, 9, -1, -1, 34, 49, ]
 [-1, -1, -1, -1, -1, 1, -1, -1, -1, -1, -1, 34, -1, -1, -1, 0, -1, -1, 53, -1, ]
 [-1, -1, -1, 37, -1, 22, -1, 29, 51, -1, -1, 95, -1, -1, -1, 3, 0, 4, 82, -1, ]
 [60, -1, 35, 93, 28, 30, -1, -1, -1, 44, 78, 39, -1, -1, -1, -1, -1, 0, -1, -1, ]
 [-1, -1, 91, -1, -1, -1, -1, 33, -1, -1, -1, 24, -1, -1, 91, 97, -1, -1, 0, 91, ]
 [25, -1, 69, 59, 87, 47, 95, 53, -1, 47, -1, -1, -1, -1, -1, 94, -1, 13, -1, 0, ]
]
[0]: Send matrix to 1
[0]: Send matrix to 2
[0]: Send matrix to 3
[0]: Send matrix to 4
[0]: Send matrix to 5
[0]: Send matrix to 6
[0]: Send matrix to 7
[0]: Send matrix to 8
[0]: Send matrix to 9
[1]: Hello!
[1]: Preparing...
[1]: Receive matrix
[1]: Start
[2]: Hello!
[2]: Preparing...
[2]: Receive matrix
[2]: Start
[3]: Hello!
[3]: Preparing...
[3]: Receive matrix
[3]: Start
[4]: Hello!
[4]: Preparing...
[4]: Receive matrix
[4]: Start
[5]: Hello!
[5]: Preparing...
[5]: Receive matrix
[5]: Start
[6]: Hello!
[6]: Preparing...
[6]: Receive matrix
[6]: Start
[7]: Hello!
[7]: Preparing...
[7]: Receive matrix
[7]: Start
[8]: Hello!
[8]: Preparing...
[8]: Receive matrix
[8]: Start
[9]: Hello!
[9]: Preparing...
[9]: Receive matrix
[9]: Start
[0]: Start
[0]: Searching solution...
[4]: End
[5]: End
[6]: End
[3]: End
[8]: End
[1]: End
[7]: End
[9]: End
[2]: End
[0]: Best path: [0, 8, 18, 7, 10, 14, 6, 1, 4, 9, 11, 13, 19, 17, 2, 3, 12, 5, 16, 15, ], with distance: 376
[0]: Total time: 6257.188030
[0]: End
